app/build/intermediates/manifest_merge_blame_file/debug/manifest-merger-blame-debug-report.txt
1<?xml version="1.0" encoding="utf-8"?>
2<manifest xmlns:android="http://schemas.android.com/apk/res/android"
3    package="com.example.android.softkeyboard"
4    android:versionCode="1"
5    android:versionName="1.0" >
6
7    <uses-sdk
8        android:minSdkVersion="18"
8-->src/main/AndroidManifest.xml
9        android:targetSdkVersion="28" />
9-->src/main/AndroidManifest.xml
10
11    <application
11-->src/main/AndroidManifest.xml:4:5-26:19
12        android:debuggable="true"
13        android:label="@string/ime_name"
13-->src/main/AndroidManifest.xml:4:18-50
14        android:testOnly="true" >
15        <service
15-->src/main/AndroidManifest.xml:5:9-14:19
16            android:name="com.example.android.softkeyboard.SoftKeyboard"
16-->src/main/AndroidManifest.xml:6:13-41
17            android:permission="android.permission.BIND_INPUT_METHOD" >
17-->src/main/AndroidManifest.xml:7:13-70
18            <intent-filter>
18-->src/main/AndroidManifest.xml:8:13-10:29
19                <action android:name="android.view.InputMethod" />
19-->src/main/AndroidManifest.xml:9:17-66
19-->src/main/AndroidManifest.xml:9:25-64
20            </intent-filter>
21
22            <meta-data
22-->src/main/AndroidManifest.xml:11:13-13:49
23                android:name="android.view.im"
23-->src/main/AndroidManifest.xml:12:17-47
24                android:resource="@xml/method" />
24-->src/main/AndroidManifest.xml:13:17-47
25        </service>
26
27        <activity
27-->src/main/AndroidManifest.xml:16:9-24:20
28            android:name="com.example.android.softkeyboard.ImePreferences"
28-->src/main/AndroidManifest.xml:17:13-43
29            android:label="@string/settings_name" >
29-->src/main/AndroidManifest.xml:18:13-50
30            <intent-filter>
30-->src/main/AndroidManifest.xml:19:13-23:29
31                <action android:name="android.intent.action.MAIN" />
31-->src/main/AndroidManifest.xml:20:17-68
31-->src/main/AndroidManifest.xml:20:25-66
32
33                <category android:name="android.intent.category.DEFAULT" />
33-->src/main/AndroidManifest.xml:21:17-76
33-->src/main/AndroidManifest.xml:21:27-73
34                <category android:name="android.intent.category.LAUNCHER" />
34-->src/main/AndroidManifest.xml:22:17-76
34-->src/main/AndroidManifest.xml:22:27-74
35            </intent-filter>
36        </activity>
37    </application>
38
39</manifest>